{"contracts/BankContract.sol":{"l":{"14":3,"15":1,"19":12,"20":12,"21":12,"25":18,"26":16,"27":16,"28":16,"32":7,"33":7,"37":1,"41":1,"42":1,"46":2,"47":2,"48":1,"50":2,"54":3,"55":1},"path":"/Users/samuelsanchezlopez/Documents/Recursos_programacion/ethereum-training/clientAccount-truffle/contracts/BankContract.sol","s":{"1":3,"2":12,"3":12,"4":12,"5":18,"6":16,"7":16,"8":7,"9":7,"10":1,"11":1,"12":1,"13":2,"14":2,"15":1,"16":2,"17":3,"18":1},"b":{"1":[1,2],"2":[16,2],"3":[7,0],"4":[1,1],"5":[1,2]},"f":{"1":3,"2":12,"3":18,"4":7,"5":1,"6":1,"7":2,"8":3},"fnMap":{"1":{"name":"hasBalance","line":13,"loc":{"start":{"line":13,"column":4},"end":{"line":13,"column":39}}},"2":{"name":null,"line":18,"loc":{"start":{"line":18,"column":4},"end":{"line":18,"column":22}}},"3":{"name":"createAccountBank","line":24,"loc":{"start":{"line":24,"column":4},"end":{"line":24,"column":56}}},"4":{"name":"getBalance","line":31,"loc":{"start":{"line":31,"column":4},"end":{"line":31,"column":49}}},"5":{"name":"getAccountsAddress","line":36,"loc":{"start":{"line":36,"column":4},"end":{"line":36,"column":69}}},"6":{"name":"transferSamuTokens","line":40,"loc":{"start":{"line":40,"column":4},"end":{"line":40,"column":91}}},"7":{"name":"isOwner","line":45,"loc":{"start":{"line":45,"column":4},"end":{"line":45,"column":46}}},"8":{"name":"mint","line":53,"loc":{"start":{"line":53,"column":4},"end":{"line":53,"column":40}}}},"statementMap":{"1":{"start":{"line":14,"column":8},"end":{"line":14,"column":65}},"2":{"start":{"line":19,"column":8},"end":{"line":19,"column":33}},"3":{"start":{"line":20,"column":8},"end":{"line":20,"column":47}},"4":{"start":{"line":21,"column":8},"end":{"line":21,"column":25}},"5":{"start":{"line":25,"column":8},"end":{"line":25,"column":48}},"6":{"start":{"line":26,"column":8},"end":{"line":26,"column":71}},"7":{"start":{"line":27,"column":8},"end":{"line":27,"column":45}},"8":{"start":{"line":32,"column":8},"end":{"line":32,"column":47}},"9":{"start":{"line":33,"column":8},"end":{"line":33,"column":49}},"10":{"start":{"line":37,"column":8},"end":{"line":37,"column":36}},"11":{"start":{"line":41,"column":8},"end":{"line":41,"column":49}},"12":{"start":{"line":42,"column":8},"end":{"line":42,"column":56}},"13":{"start":{"line":46,"column":8},"end":{"line":46,"column":26}},"14":{"start":{"line":47,"column":8},"end":{"line":47,"column":1494}},"15":{"start":{"line":48,"column":12},"end":{"line":48,"column":24}},"16":{"start":{"line":50,"column":8},"end":{"line":50,"column":21}},"17":{"start":{"line":54,"column":8},"end":{"line":54,"column":35}},"18":{"start":{"line":55,"column":8},"end":{"line":55,"column":56}}},"branchMap":{"1":{"line":14,"type":"if","locations":[{"start":{"line":14,"column":8},"end":{"line":14,"column":8}},{"start":{"line":14,"column":8},"end":{"line":14,"column":8}}]},"2":{"line":25,"type":"if","locations":[{"start":{"line":25,"column":8},"end":{"line":25,"column":8}},{"start":{"line":25,"column":8},"end":{"line":25,"column":8}}]},"3":{"line":32,"type":"if","locations":[{"start":{"line":32,"column":8},"end":{"line":32,"column":8}},{"start":{"line":32,"column":8},"end":{"line":32,"column":8}}]},"4":{"line":47,"type":"if","locations":[{"start":{"line":47,"column":8},"end":{"line":47,"column":8}},{"start":{"line":47,"column":8},"end":{"line":47,"column":8}}]},"5":{"line":54,"type":"if","locations":[{"start":{"line":54,"column":8},"end":{"line":54,"column":8}},{"start":{"line":54,"column":8},"end":{"line":54,"column":8}}]}}}}